<?xml version="1.0" encoding="UTF-8"?>
<!-- Generated by org.testng.reporters.JUnitXMLReporter -->
<testsuite hostname="DESKTOP-19NCAKV" ignored="0" name="ChromeTest" tests="3" failures="0" timestamp="2022-05-16T18:08:48 IST" time="122.086" errors="0">
  <testcase name="signintestddt" time="45.729" classname="test.LoginPageDDT"/>
  <testcase name="signintestddt" time="25.374" classname="test.LoginPageDDT"/>
  <testcase name="signintestddt" time="29.593" classname="test.LoginPageDDT"/>
</testsuite> <!-- ChromeTest -->
