<?xml version="1.0" encoding="UTF-8"?>
<!-- Generated by org.testng.reporters.JUnitXMLReporter -->
<testsuite hostname="DESKTOP-19NCAKV" ignored="0" name="ChromeTest" tests="3" failures="0" timestamp="2022-05-15T10:54:08 IST" time="66.082" errors="0">
  <testcase name="signintestddt" time="11.442" classname="test.LoginPageDDT"/>
  <testcase name="signintestddt" time="9.693" classname="test.LoginPageDDT"/>
  <testcase name="signintestddt" time="15.662" classname="test.LoginPageDDT"/>
</testsuite> <!-- ChromeTest -->
