<?xml version="1.0" encoding="UTF-8"?>
<!-- Generated by org.testng.reporters.JUnitXMLReporter -->
<testsuite hostname="DESKTOP-19NCAKV" ignored="0" name="FireFoxTest" tests="4" failures="1" timestamp="2022-05-13T15:21:21 IST" time="81.817" errors="0">
  <testcase name="@AfterClass teardown" time="2.253" classname="test.BaseClass">
    <failure type="org.openqa.selenium.NoSuchSessionException" message="Tried to run command without establishing a connection
Build info: version: &amp;apos;4.1.3&amp;apos;, revision: &amp;apos;7b1ebf28ef&amp;apos;
System info: host: &amp;apos;DESKTOP-19NCAKV&amp;apos;, ip: &amp;apos;192.168.56.1&amp;apos;, os.name: &amp;apos;Windows 10&amp;apos;, os.arch: &amp;apos;amd64&amp;apos;, os.version: &amp;apos;10.0&amp;apos;, java.version: &amp;apos;1.8.0_271&amp;apos;
Driver info: org.openqa.selenium.firefox.FirefoxDriver
Command: [15500221-701f-4803-8666-eded047f328a, quit {}]
Capabilities {acceptInsecureCerts: true, browserName: firefox, browserVersion: 100.0, javascriptEnabled: true, moz:accessibilityChecks: false, moz:buildID: 20220428192727, moz:debuggerAddress: localhost:56956, moz:geckodriverVersion: 0.31.0, moz:headless: false, moz:processID: 12948, moz:profile: C:\Users\dhano\AppData\Loca..., moz:shutdownTimeout: 60000, moz:useNonSpecCompliantPointerOrigin: false, moz:webdriverClick: true, pageLoadStrategy: normal, platform: WINDOWS, platformName: WINDOWS, platformVersion: 10.0, proxy: Proxy(), se:cdp: ws://localhost:56956/devtoo..., se:cdpVersion: 85.0, setWindowRect: true, strictFileInteractability: false, timeouts: {implicit: 0, pageLoad: 300000, script: 30000}, unhandledPromptBehavior: dismiss and notify}
Session ID: 15500221-701f-4803-8666-eded047f328a">
      <![CDATA[org.openqa.selenium.NoSuchSessionException: Tried to run command without establishing a connection
Build info: version: '4.1.3', revision: '7b1ebf28ef'
System info: host: 'DESKTOP-19NCAKV', ip: '192.168.56.1', os.name: 'Windows 10', os.arch: 'amd64', os.version: '10.0', java.version: '1.8.0_271'
Driver info: org.openqa.selenium.firefox.FirefoxDriver
Command: [15500221-701f-4803-8666-eded047f328a, quit {}]
Capabilities {acceptInsecureCerts: true, browserName: firefox, browserVersion: 100.0, javascriptEnabled: true, moz:accessibilityChecks: false, moz:buildID: 20220428192727, moz:debuggerAddress: localhost:56956, moz:geckodriverVersion: 0.31.0, moz:headless: false, moz:processID: 12948, moz:profile: C:\Users\dhano\AppData\Loca..., moz:shutdownTimeout: 60000, moz:useNonSpecCompliantPointerOrigin: false, moz:webdriverClick: true, pageLoadStrategy: normal, platform: WINDOWS, platformName: WINDOWS, platformVersion: 10.0, proxy: Proxy(), se:cdp: ws://localhost:56956/devtoo..., se:cdpVersion: 85.0, setWindowRect: true, strictFileInteractability: false, timeouts: {implicit: 0, pageLoad: 300000, script: 30000}, unhandledPromptBehavior: dismiss and notify}
Session ID: 15500221-701f-4803-8666-eded047f328a
at org.openqa.selenium.remote.codec.w3c.W3CHttpResponseCodec.createException(W3CHttpResponseCodec.java:200)
at org.openqa.selenium.remote.codec.w3c.W3CHttpResponseCodec.decode(W3CHttpResponseCodec.java:133)
at org.openqa.selenium.remote.codec.w3c.W3CHttpResponseCodec.decode(W3CHttpResponseCodec.java:53)
at org.openqa.selenium.remote.HttpCommandExecutor.execute(HttpCommandExecutor.java:184)
at org.openqa.selenium.remote.service.DriverCommandExecutor.invokeExecute(DriverCommandExecutor.java:167)
at org.openqa.selenium.remote.service.DriverCommandExecutor.lambda$execute$1(DriverCommandExecutor.java:105)
at java.util.concurrent.CompletableFuture$AsyncSupply.run(CompletableFuture.java:1604)
at java.util.concurrent.ThreadPoolExecutor.runWorker(ThreadPoolExecutor.java:1149)
at java.util.concurrent.ThreadPoolExecutor$Worker.run(ThreadPoolExecutor.java:624)
at java.lang.Thread.run(Thread.java:748)
... Removed 4 stack frames]]>
    </failure>
  </testcase> <!-- @AfterClass teardown -->
  <testcase name="cpage" time="16.141" classname="test.ContactInfoPageTest">
    <skipped/>
  </testcase> <!-- cpage -->
  <testcase name="cpage" time="15.866" classname="test.ContactInfoPageTest">
    <skipped/>
  </testcase> <!-- cpage -->
  <testcase name="cpage" time="8.857" classname="test.ContactInfoPageTest">
    <skipped/>
  </testcase> <!-- cpage -->
  <testcase name="cpage" time="4.017" classname="test.ContactInfoPageTest">
    <failure type="org.openqa.selenium.StaleElementReferenceException" message="The element reference of &amp;lt;option&amp;gt; is stale; either the element is no longer attached to the DOM, it is not in the current frame context, or the document has been refreshed
For documentation on this error, please visit: https://selenium.dev/exceptions/#stale_element_reference
Build info: version: &amp;apos;4.1.3&amp;apos;, revision: &amp;apos;7b1ebf28ef&amp;apos;
System info: host: &amp;apos;DESKTOP-19NCAKV&amp;apos;, ip: &amp;apos;192.168.56.1&amp;apos;, os.name: &amp;apos;Windows 10&amp;apos;, os.arch: &amp;apos;amd64&amp;apos;, os.version: &amp;apos;10.0&amp;apos;, java.version: &amp;apos;1.8.0_271&amp;apos;
Driver info: org.openqa.selenium.firefox.FirefoxDriver
Command: [15500221-701f-4803-8666-eded047f328a, isElementSelected {id=5608a507-589d-4912-9d3d-c29bc3d27978}]
Capabilities {acceptInsecureCerts: true, browserName: firefox, browserVersion: 100.0, javascriptEnabled: true, moz:accessibilityChecks: false, moz:buildID: 20220428192727, moz:debuggerAddress: localhost:56956, moz:geckodriverVersion: 0.31.0, moz:headless: false, moz:processID: 12948, moz:profile: C:\Users\dhano\AppData\Loca..., moz:shutdownTimeout: 60000, moz:useNonSpecCompliantPointerOrigin: false, moz:webdriverClick: true, pageLoadStrategy: normal, platform: WINDOWS, platformName: WINDOWS, platformVersion: 10.0, proxy: Proxy(), se:cdp: ws://localhost:56956/devtoo..., se:cdpVersion: 85.0, setWindowRect: true, strictFileInteractability: false, timeouts: {implicit: 0, pageLoad: 300000, script: 30000}, unhandledPromptBehavior: dismiss and notify}
Element: [[[[FirefoxDriver: firefox on WINDOWS (15500221-701f-4803-8666-eded047f328a)] -&amp;gt; xpath: //select[contains(@id,&amp;apos;id_contact&amp;apos;)]]] -&amp;gt; xpath: .//option[@value = &amp;quot;2&amp;quot;]]
Session ID: 15500221-701f-4803-8666-eded047f328a">
      <![CDATA[org.openqa.selenium.StaleElementReferenceException: The element reference of <option> is stale; either the element is no longer attached to the DOM, it is not in the current frame context, or the document has been refreshed
For documentation on this error, please visit: https://selenium.dev/exceptions/#stale_element_reference
Build info: version: '4.1.3', revision: '7b1ebf28ef'
System info: host: 'DESKTOP-19NCAKV', ip: '192.168.56.1', os.name: 'Windows 10', os.arch: 'amd64', os.version: '10.0', java.version: '1.8.0_271'
Driver info: org.openqa.selenium.firefox.FirefoxDriver
Command: [15500221-701f-4803-8666-eded047f328a, isElementSelected {id=5608a507-589d-4912-9d3d-c29bc3d27978}]
Capabilities {acceptInsecureCerts: true, browserName: firefox, browserVersion: 100.0, javascriptEnabled: true, moz:accessibilityChecks: false, moz:buildID: 20220428192727, moz:debuggerAddress: localhost:56956, moz:geckodriverVersion: 0.31.0, moz:headless: false, moz:processID: 12948, moz:profile: C:\Users\dhano\AppData\Loca..., moz:shutdownTimeout: 60000, moz:useNonSpecCompliantPointerOrigin: false, moz:webdriverClick: true, pageLoadStrategy: normal, platform: WINDOWS, platformName: WINDOWS, platformVersion: 10.0, proxy: Proxy(), se:cdp: ws://localhost:56956/devtoo..., se:cdpVersion: 85.0, setWindowRect: true, strictFileInteractability: false, timeouts: {implicit: 0, pageLoad: 300000, script: 30000}, unhandledPromptBehavior: dismiss and notify}
Element: [[[[FirefoxDriver: firefox on WINDOWS (15500221-701f-4803-8666-eded047f328a)] -> xpath: //select[contains(@id,'id_contact')]]] -> xpath: .//option[@value = "2"]]
Session ID: 15500221-701f-4803-8666-eded047f328a
at org.openqa.selenium.remote.codec.w3c.W3CHttpResponseCodec.createException(W3CHttpResponseCodec.java:200)
at org.openqa.selenium.remote.codec.w3c.W3CHttpResponseCodec.decode(W3CHttpResponseCodec.java:133)
at org.openqa.selenium.remote.codec.w3c.W3CHttpResponseCodec.decode(W3CHttpResponseCodec.java:53)
at org.openqa.selenium.remote.HttpCommandExecutor.execute(HttpCommandExecutor.java:184)
at org.openqa.selenium.remote.service.DriverCommandExecutor.invokeExecute(DriverCommandExecutor.java:167)
at org.openqa.selenium.remote.service.DriverCommandExecutor.execute(DriverCommandExecutor.java:142)
at org.openqa.selenium.remote.RemoteWebDriver.execute(RemoteWebDriver.java:567)
at org.openqa.selenium.remote.RemoteWebElement.execute(RemoteWebElement.java:251)
at org.openqa.selenium.remote.RemoteWebElement.isSelected(RemoteWebElement.java:179)
at org.openqa.selenium.support.ui.Select.setSelected(Select.java:314)
at org.openqa.selenium.support.ui.Select.selectByValue(Select.java:191)
at test.BaseClass.selectValue(BaseClass.java:119)
at page.ContactInfoPage.Contactus(ContactInfoPage.java:22)
at test.ContactInfoPageTest.cpage(ContactInfoPageTest.java:13)
at java.util.ArrayList.forEach(ArrayList.java:1259)
at java.util.concurrent.FutureTask.run(FutureTask.java:266)
at java.util.concurrent.ThreadPoolExecutor.runWorker(ThreadPoolExecutor.java:1149)
at java.util.concurrent.ThreadPoolExecutor$Worker.run(ThreadPoolExecutor.java:624)
at java.lang.Thread.run(Thread.java:748)
... Removed 22 stack frames]]>
    </failure>
  </testcase> <!-- cpage -->
</testsuite> <!-- FireFoxTest -->
