<?xml version="1.0" encoding="UTF-8"?>
<testng-results skipped="0" failed="0" ignored="0" total="1" passed="1">
  <reporter-output>
  </reporter-output>
  <suite name="Suite" duration-ms="22256" started-at="2022-05-02T16:26:14 IST" finished-at="2022-05-02T16:26:36 IST">
    <groups>
    </groups>
    <test name="Test" duration-ms="22256" started-at="2022-05-02T16:26:14 IST" finished-at="2022-05-02T16:26:36 IST">
      <class name="test.CreateAccountPageTest">
        <test-method status="PASS" signature="setup(java.lang.String,java.lang.String)[pri:0, instance:test.CreateAccountPageTest@6293abcc]" name="setup" is-config="true" duration-ms="11456" started-at="2022-05-02T16:26:14 IST" finished-at="2022-05-02T16:26:26 IST">
          <params>
            <param index="0">
              <value>
                <![CDATA[chrome]]>
              </value>
            </param>
            <param index="1">
              <value>
                <![CDATA[http://automationpractice.com/index.php]]>
              </value>
            </param>
          </params>
          <reporter-output>
          </reporter-output>
        </test-method> <!-- setup -->
        <test-method status="PASS" signature="createaccountpagetest()[pri:0, instance:test.CreateAccountPageTest@6293abcc]" name="createaccountpagetest" duration-ms="9044" started-at="2022-05-02T16:26:26 IST" finished-at="2022-05-02T16:26:35 IST">
          <reporter-output>
          </reporter-output>
        </test-method> <!-- createaccountpagetest -->
        <test-method status="PASS" signature="teardown()[pri:0, instance:test.CreateAccountPageTest@6293abcc]" name="teardown" is-config="true" duration-ms="1449" started-at="2022-05-02T16:26:35 IST" finished-at="2022-05-02T16:26:36 IST">
          <reporter-output>
          </reporter-output>
        </test-method> <!-- teardown -->
      </class> <!-- test.CreateAccountPageTest -->
    </test> <!-- Test -->
  </suite> <!-- Suite -->
</testng-results>
